<?xml version="1.0" encoding="UTF-8"?>
<testsuite xmlns:xsi="http://www.w3.org/2001/XMLSchema-instance" xsi:noNamespaceSchemaLocation="https://maven.apache.org/surefire/maven-surefire-plugin/xsd/surefire-test-report.xsd" version="3.0.2" name="spike.ParamNestedTests$WhenNegative" time="0.019" tests="12" errors="0" skipped="0" failures="5">
  <properties>
[...]
</properties>
  <testcase name="isEven(int)[1]" classname="spike.ParamNestedTests" time="0.031"/>
  <testcase name="isEven(int)[2]" classname="spike.ParamNestedTests" time="0.002"/>
  <testcase name="isEven(int)[3]" classname="spike.ParamNestedTests" time="0.01">
    <failure message="expected even but got 7 ==&gt; expected: &lt;true&gt; but was: &lt;false&gt;" type="org.opentest4j.AssertionFailedError"><![CDATA[org.opentest4j.AssertionFailedError: expected even but got 7 ==> expected: <true> but was: <false>
	at org.junit.jupiter.api.AssertionFailureBuilder.build(AssertionFailureBuilder.java:158)
	at org.junit.jupiter.api.AssertionFailureBuilder.buildAndThrow(AssertionFailureBuilder.java:139)
	at org.junit.jupiter.api.AssertTrue.failNotTrue(AssertTrue.java:69)
	at org.junit.jupiter.api.AssertTrue.assertTrue(AssertTrue.java:41)
	at org.junit.jupiter.api.Assertions.assertTrue(Assertions.java:228)
	at spike.ParamNestedTests.isEven(ParamNestedTests.java:33)
]]></failure>
  </testcase>
  <testcase name="isEven(int)[4]" classname="spike.ParamNestedTests" time="0.0"/>
  <testcase name="wordLength(String, int)[1]" classname="spike.ParamNestedTests" time="0.019"/>
  <testcase name="wordLength(String, int)[2]" classname="spike.ParamNestedTests" time="0.001"/>
  <testcase name="wordLength(String, int)[3]" classname="spike.ParamNestedTests" time="0.003">
    <failure message="length mismatch for ccc ==&gt; expected: &lt;9&gt; but was: &lt;3&gt;" type="org.opentest4j.AssertionFailedError"><![CDATA[org.opentest4j.AssertionFailedError: length mismatch for ccc ==> expected: <9> but was: <3>
	at org.junit.jupiter.api.AssertionFailureBuilder.build(AssertionFailureBuilder.java:158)
	at org.junit.jupiter.api.AssertionFailureBuilder.buildAndThrow(AssertionFailureBuilder.java:139)
	at org.junit.jupiter.api.AssertEquals.failNotEqual(AssertEquals.java:201)
	at org.junit.jupiter.api.AssertEquals.assertEquals(AssertEquals.java:152)
	at org.junit.jupiter.api.Assertions.assertEquals(Assertions.java:590)
	at spike.ParamNestedTests.wordLength(ParamNestedTests.java:40)
]]></failure>
  </testcase>
  <testcase name="plainPass" classname="spike.ParamNestedTests" time="0.003"/>
  <testcase name="failsDirectly" classname="spike.ParamNestedTests$WhenNegative" time="0.003">
    <failure message="nested direct failure" type="org.opentest4j.AssertionFailedError"><![CDATA[org.opentest4j.AssertionFailedError: nested direct failure
	at org.junit.jupiter.api.AssertionUtils.fail(AssertionUtils.java:42)
	at org.junit.jupiter.api.Assertions.fail(Assertions.java:143)
	at spike.ParamNestedTests$WhenNegative.failsDirectly(ParamNestedTests.java:49)
]]></failure>
  </testcase>
  <testcase name="singleChar(String)[1]" classname="spike.ParamNestedTests$WhenNegative" time="0.002"/>
  <testcase name="singleChar(String)[2]" classname="spike.ParamNestedTests$WhenNegative" time="0.002">
    <failure message="not single char: yy ==&gt; expected: &lt;1&gt; but was: &lt;2&gt;" type="org.opentest4j.AssertionFailedError"><![CDATA[org.opentest4j.AssertionFailedError: not single char: yy ==> expected: <1> but was: <2>
	at org.junit.jupiter.api.AssertionFailureBuilder.build(AssertionFailureBuilder.java:158)
	at org.junit.jupiter.api.AssertionFailureBuilder.buildAndThrow(AssertionFailureBuilder.java:139)
	at org.junit.jupiter.api.AssertEquals.failNotEqual(AssertEquals.java:201)
	at org.junit.jupiter.api.AssertEquals.assertEquals(AssertEquals.java:152)
	at org.junit.jupiter.api.Assertions.assertEquals(Assertions.java:590)
	at spike.ParamNestedTests$WhenNegative.singleChar(ParamNestedTests.java:56)
]]></failure>
  </testcase>
  <testcase name="singleChar(String)[3]" classname="spike.ParamNestedTests$WhenNegative" time="0.001">
    <failure message="not single char: long ==&gt; expected: &lt;1&gt; but was: &lt;4&gt;" type="org.opentest4j.AssertionFailedError"><![CDATA[org.opentest4j.AssertionFailedError: not single char: long ==> expected: <1> but was: <4>
	at org.junit.jupiter.api.AssertionFailureBuilder.build(AssertionFailureBuilder.java:158)
	at org.junit.jupiter.api.AssertionFailureBuilder.buildAndThrow(AssertionFailureBuilder.java:139)
	at org.junit.jupiter.api.AssertEquals.failNotEqual(AssertEquals.java:201)
	at org.junit.jupiter.api.AssertEquals.assertEquals(AssertEquals.java:152)
	at org.junit.jupiter.api.Assertions.assertEquals(Assertions.java:590)
	at spike.ParamNestedTests$WhenNegative.singleChar(ParamNestedTests.java:56)
]]></failure>
  </testcase>
</testsuite>