{"numFailedTestSuites":3,"numFailedTests":3,"numPassedTestSuites":0,"numPassedTests":3,"numPendingTestSuites":0,"numPendingTests":1,"numRuntimeErrorTestSuites":1,"numTodoTests":0,"numTotalTestSuites":3,"numTotalTests":7,"openHandles":[],"snapshot":{"added":0,"didUpdate":false,"failure":false,"filesAdded":0,"filesRemoved":0,"filesRemovedList":[],"filesUnmatched":0,"filesUpdated":0,"matched":0,"total":0,"unchecked":0,"uncheckedKeysByFile":[],"unmatched":0,"updated":0},"startTime":1780544084024,"success":false,"testResults":[{"assertionResults":[{"ancestorTitles":["math","addition"],"duration":1,"failureDetails":[],"failureMessages":[],"fullName":"math addition adds correctly","invocations":1,"location":null,"numPassingAsserts":1,"retryReasons":[],"status":"passed","title":"adds correctly"},{"ancestorTitles":["math","addition"],"duration":2,"failureDetails":[{"matcherResult":{"actual":4,"expected":5,"message":"expect(received).toBe(expected) // Object.is equality\n\nExpected: 5\nReceived: 4","name":"toBe","pass":false}}],"failureMessages":["Error: expect(received).toBe(expected) // Object.is equality\n\nExpected: 5\nReceived: 4\n    at Object.toBe (/home/rodrigo/Workspace/no-bash-mcp/prototype/fixtures/jest-gen/normal.test.js:11:21)\n    at Promise.then.completed (/home/rodrigo/Workspace/no-bash-mcp/prototype/fixtures/jest-gen/node_modules/jest-circus/build/utils.js:298:28)\n    at new Promise (<anonymous>)\n    at callAsyncCircusFn (/home/rodrigo/Workspace/no-bash-mcp/prototype/fixtures/jest-gen/node_modules/jest-circus/build/utils.js:231:10)\n    at _callCircusTest (/home/rodrigo/Workspace/no-bash-mcp/prototype/fixtures/jest-gen/node_modules/jest-circus/build/run.js:316:40)\n    at processTicksAndRejections (node:internal/process/task_queues:105:5)\n    at _runTest (/home/rodrigo/Workspace/no-bash-mcp/prototype/fixtures/jest-gen/node_modules/jest-circus/build/run.js:252:3)\n    at _runTestsForDescribeBlock (/home/rodrigo/Workspace/no-bash-mcp/prototype/fixtures/jest-gen/node_modules/jest-circus/build/run.js:126:9)\n    at _runTestsForDescribeBlock (/home/rodrigo/Workspace/no-bash-mcp/prototype/fixtures/jest-gen/node_modules/jest-circus/build/run.js:121:9)\n    at _runTestsForDescribeBlock (/home/rodrigo/Workspace/no-bash-mcp/prototype/fixtures/jest-gen/node_modules/jest-circus/build/run.js:121:9)\n    at run (/home/rodrigo/Workspace/no-bash-mcp/prototype/fixtures/jest-gen/node_modules/jest-circus/build/run.js:71:3)\n    at runAndTransformResultsToJestFormat (/home/rodrigo/Workspace/no-bash-mcp/prototype/fixtures/jest-gen/node_modules/jest-circus/build/legacy-code-todo-rewrite/jestAdapterInit.js:122:21)\n    at jestAdapter (/home/rodrigo/Workspace/no-bash-mcp/prototype/fixtures/jest-gen/node_modules/jest-circus/build/legacy-code-todo-rewrite/jestAdapter.js:79:19)\n    at runTestInternal (/home/rodrigo/Workspace/no-bash-mcp/prototype/fixtures/jest-gen/node_modules/jest-runner/build/runTest.js:367:16)\n    at runTest (/home/rodrigo/Workspace/no-bash-mcp/prototype/fixtures/jest-gen/node_modules/jest-runner/build/runTest.js:444:34)"],"fullName":"math addition fails on purpose","invocations":1,"location":null,"numPassingAsserts":0,"retryReasons":[],"status":"failed","title":"fails on purpose"},{"ancestorTitles":["math"],"duration":null,"failureDetails":[],"failureMessages":[],"fullName":"math skipped: not implemented","invocations":1,"location":null,"numPassingAsserts":0,"retryReasons":[],"status":"pending","title":"skipped: not implemented"},{"ancestorTitles":["math"],"duration":1,"failureDetails":[],"failureMessages":[],"fullName":"math isEven(2) === true","invocations":1,"location":null,"numPassingAsserts":1,"retryReasons":[],"status":"passed","title":"isEven(2) === true"},{"ancestorTitles":["math"],"duration":0,"failureDetails":[],"failureMessages":[],"fullName":"math isEven(3) === false","invocations":1,"location":null,"numPassingAsserts":1,"retryReasons":[],"status":"passed","title":"isEven(3) === false"}],"endTime":1780544084205,"message":"  ● math › addition › fails on purpose\n\n    expect(received).toBe(expected) // Object.is equality\n\n    Expected: 5\n    Received: 4\n\n       9 |\n      10 |     test('fails on purpose', () => {\n    > 11 |       expect(2 + 2).toBe(5);\n         |                     ^\n      12 |     });\n      13 |   });\n      14 |\n\n      at Object.toBe (normal.test.js:11:21)\n","name":"/home/rodrigo/Workspace/no-bash-mcp/prototype/fixtures/jest-gen/normal.test.js","startTime":1780544084044,"status":"failed","summary":""},{"assertionResults":[{"ancestorTitles":["suite with broken setup"],"duration":0,"failureDetails":[{}],"failureMessages":["Error: fixture server unavailable: simulated beforeAll failure with no test owner\n    at Object.<anonymous> (/home/rodrigo/Workspace/no-bash-mcp/prototype/fixtures/jest-gen/setup-broken.test.js:6:11)\n    at Promise.then.completed (/home/rodrigo/Workspace/no-bash-mcp/prototype/fixtures/jest-gen/node_modules/jest-circus/build/utils.js:298:28)\n    at new Promise (<anonymous>)\n    at callAsyncCircusFn (/home/rodrigo/Workspace/no-bash-mcp/prototype/fixtures/jest-gen/node_modules/jest-circus/build/utils.js:231:10)\n    at _callCircusHook (/home/rodrigo/Workspace/no-bash-mcp/prototype/fixtures/jest-gen/node_modules/jest-circus/build/run.js:281:40)\n    at _runTestsForDescribeBlock (/home/rodrigo/Workspace/no-bash-mcp/prototype/fixtures/jest-gen/node_modules/jest-circus/build/run.js:95:7)\n    at _runTestsForDescribeBlock (/home/rodrigo/Workspace/no-bash-mcp/prototype/fixtures/jest-gen/node_modules/jest-circus/build/run.js:121:9)\n    at run (/home/rodrigo/Workspace/no-bash-mcp/prototype/fixtures/jest-gen/node_modules/jest-circus/build/run.js:71:3)\n    at runAndTransformResultsToJestFormat (/home/rodrigo/Workspace/no-bash-mcp/prototype/fixtures/jest-gen/node_modules/jest-circus/build/legacy-code-todo-rewrite/jestAdapterInit.js:122:21)\n    at jestAdapter (/home/rodrigo/Workspace/no-bash-mcp/prototype/fixtures/jest-gen/node_modules/jest-circus/build/legacy-code-todo-rewrite/jestAdapter.js:79:19)\n    at runTestInternal (/home/rodrigo/Workspace/no-bash-mcp/prototype/fixtures/jest-gen/node_modules/jest-runner/build/runTest.js:367:16)\n    at runTest (/home/rodrigo/Workspace/no-bash-mcp/prototype/fixtures/jest-gen/node_modules/jest-runner/build/runTest.js:444:34)"],"fullName":"suite with broken setup never runs A","invocations":1,"location":null,"numPassingAsserts":0,"retryReasons":[],"status":"failed","title":"never runs A"},{"ancestorTitles":["suite with broken setup"],"duration":0,"failureDetails":[{}],"failureMessages":["Error: fixture server unavailable: simulated beforeAll failure with no test owner\n    at Object.<anonymous> (/home/rodrigo/Workspace/no-bash-mcp/prototype/fixtures/jest-gen/setup-broken.test.js:6:11)\n    at Promise.then.completed (/home/rodrigo/Workspace/no-bash-mcp/prototype/fixtures/jest-gen/node_modules/jest-circus/build/utils.js:298:28)\n    at new Promise (<anonymous>)\n    at callAsyncCircusFn (/home/rodrigo/Workspace/no-bash-mcp/prototype/fixtures/jest-gen/node_modules/jest-circus/build/utils.js:231:10)\n    at _callCircusHook (/home/rodrigo/Workspace/no-bash-mcp/prototype/fixtures/jest-gen/node_modules/jest-circus/build/run.js:281:40)\n    at _runTestsForDescribeBlock (/home/rodrigo/Workspace/no-bash-mcp/prototype/fixtures/jest-gen/node_modules/jest-circus/build/run.js:95:7)\n    at _runTestsForDescribeBlock (/home/rodrigo/Workspace/no-bash-mcp/prototype/fixtures/jest-gen/node_modules/jest-circus/build/run.js:121:9)\n    at run (/home/rodrigo/Workspace/no-bash-mcp/prototype/fixtures/jest-gen/node_modules/jest-circus/build/run.js:71:3)\n    at runAndTransformResultsToJestFormat (/home/rodrigo/Workspace/no-bash-mcp/prototype/fixtures/jest-gen/node_modules/jest-circus/build/legacy-code-todo-rewrite/jestAdapterInit.js:122:21)\n    at jestAdapter (/home/rodrigo/Workspace/no-bash-mcp/prototype/fixtures/jest-gen/node_modules/jest-circus/build/legacy-code-todo-rewrite/jestAdapter.js:79:19)\n    at runTestInternal (/home/rodrigo/Workspace/no-bash-mcp/prototype/fixtures/jest-gen/node_modules/jest-runner/build/runTest.js:367:16)\n    at runTest (/home/rodrigo/Workspace/no-bash-mcp/prototype/fixtures/jest-gen/node_modules/jest-runner/build/runTest.js:444:34)"],"fullName":"suite with broken setup never runs B","invocations":1,"location":null,"numPassingAsserts":0,"retryReasons":[],"status":"failed","title":"never runs B"}],"endTime":1780544084246,"message":"  ● suite with broken setup › never runs A\n\n    fixture server unavailable: simulated beforeAll failure with no test owner\n\n      4 | describe('suite with broken setup', () => {\n      5 |   beforeAll(() => {\n    > 6 |     throw new Error('fixture server unavailable: simulated beforeAll failure with no test owner');\n        |           ^\n      7 |   });\n      8 |\n      9 |   test('never runs A', () => {\n\n      at Object.<anonymous> (setup-broken.test.js:6:11)\n\n  ● suite with broken setup › never runs B\n\n    fixture server unavailable: simulated beforeAll failure with no test owner\n\n      4 | describe('suite with broken setup', () => {\n      5 |   beforeAll(() => {\n    > 6 |     throw new Error('fixture server unavailable: simulated beforeAll failure with no test owner');\n        |           ^\n      7 |   });\n      8 |\n      9 |   test('never runs A', () => {\n\n      at Object.<anonymous> (setup-broken.test.js:6:11)\n","name":"/home/rodrigo/Workspace/no-bash-mcp/prototype/fixtures/jest-gen/setup-broken.test.js","startTime":1780544084209,"status":"failed","summary":""},{"assertionResults":[],"coverage":{},"endTime":1780544084357,"message":"  ● Test suite failed to run\n\n    module failed to load: simulated collection-time failure with no test owner\n\n      6 | // jest 29 — it attributes the hook failure to EACH test in the suite (see\n      7 | // setup-broken.test.js). Only a collection/load failure has no test owner.\n    > 8 | throw new Error('module failed to load: simulated collection-time failure with no test owner');\n        |       ^\n      9 |\n\n      at Object.<anonymous> (module-broken.test.js:8:7)\n","name":"/home/rodrigo/Workspace/no-bash-mcp/prototype/fixtures/jest-gen/module-broken.test.js","startTime":1780544084357,"status":"failed","summary":""}],"wasInterrupted":false}
