{"numFailedTestSuites":2,"numFailedTests":1,"numPassedTestSuites":1,"numPassedTests":1,"numPendingTestSuites":0,"numPendingTests":0,"numRuntimeErrorTestSuites":1,"numTodoTests":0,"numTotalTestSuites":3,"numTotalTests":2,"openHandles":[],"snapshot":{"added":0,"didUpdate":false,"failure":false,"filesAdded":0,"filesRemoved":0,"filesRemovedList":[],"filesUnmatched":0,"filesUpdated":0,"matched":0,"total":0,"unchecked":0,"uncheckedKeysByFile":[],"unmatched":0,"updated":0},"startTime":1780687340470,"success":false,"testResults":[{"assertionResults":[],"coverage":{},"endTime":1780687341021,"message":"  ● Test suite failed to run\n\n    module load boom\n\n      1 | // Top-level throw → jest collection / module-load failure (divergence axis 5, no test owner).\n    > 2 | throw new Error('module load boom');\n        |       ^\n      3 |\n      4 | test('never runs', () => {});\n      5 |\n\n      at Object.<anonymous> (loadfail.test.js:2:7)\n","name":"/tmp/nbm-jest/loadfail.test.js","startTime":1780687341021,"status":"failed","summary":""},{"assertionResults":[{"ancestorTitles":[],"duration":5,"failing":false,"failureDetails":[{"matcherResult":{"actual":3,"expected":4,"message":"expect(received).toBe(expected) // Object.is equality\n\nExpected: 4\nReceived: 3","name":"toBe","pass":false}}],"failureMessages":["Error: expect(received).toBe(expected) // Object.is equality\n\nExpected: 4\nReceived: 3\n    at Object.toBe (/tmp/nbm-jest/fail.test.js:3:21)\n    at Promise.finally.completed (/tmp/nbm-jest/node_modules/jest-circus/build/jestAdapterInit.js:1561:28)\n    at new Promise (<anonymous>)\n    at callAsyncCircusFn (/tmp/nbm-jest/node_modules/jest-circus/build/jestAdapterInit.js:1501:10)\n    at _callCircusTest (/tmp/nbm-jest/node_modules/jest-circus/build/jestAdapterInit.js:1011:40)\n    at processTicksAndRejections (node:internal/process/task_queues:104:5)\n    at _runTest (/tmp/nbm-jest/node_modules/jest-circus/build/jestAdapterInit.js:951:3)\n    at /tmp/nbm-jest/node_modules/jest-circus/build/jestAdapterInit.js:853:7\n    at _runTestsForDescribeBlock (/tmp/nbm-jest/node_modules/jest-circus/build/jestAdapterInit.js:866:11)\n    at run (/tmp/nbm-jest/node_modules/jest-circus/build/jestAdapterInit.js:765:3)\n    at runAndTransformResultsToJestFormat (/tmp/nbm-jest/node_modules/jest-circus/build/jestAdapterInit.js:1993:21)\n    at jestAdapter (/tmp/nbm-jest/node_modules/jest-circus/build/runner.js:111:19)\n    at runTestInternal (/tmp/nbm-jest/node_modules/jest-runner/build/testWorker.js:276:16)\n    at runTest (/tmp/nbm-jest/node_modules/jest-runner/build/testWorker.js:344:7)\n    at Object.worker (/tmp/nbm-jest/node_modules/jest-runner/build/testWorker.js:498:12)"],"fullName":"wrong expectation","invocations":1,"location":null,"numPassingAsserts":0,"retryReasons":[],"startAt":1780687340978,"status":"failed","title":"wrong expectation"}],"endTime":1780687340999,"message":"  ● wrong expectation\n\n    expect(received).toBe(expected) // Object.is equality\n\n    Expected: 4\n    Received: 3\n\n      1 | const { sum } = require('./sum');\n      2 | test('wrong expectation', () => {\n    > 3 |   expect(sum(1, 2)).toBe(4);\n        |                     ^\n      4 | });\n      5 |\n\n      at Object.toBe (fail.test.js:3:21)\n","name":"/tmp/nbm-jest/fail.test.js","startTime":1780687340727,"status":"failed","summary":""},{"assertionResults":[{"ancestorTitles":[],"duration":3,"failing":false,"failureDetails":[],"failureMessages":[],"fullName":"adds numbers","invocations":1,"location":null,"numPassingAsserts":1,"retryReasons":[],"startAt":1780687341000,"status":"passed","title":"adds numbers"}],"endTime":1780687341005,"message":"","name":"/tmp/nbm-jest/pass.test.js","startTime":1780687340726,"status":"passed","summary":""}],"wasInterrupted":false}
