{"numFailedTestSuites":0,"numFailedTests":0,"numPassedTestSuites":1,"numPassedTests":2,"numPendingTestSuites":0,"numPendingTests":0,"numRuntimeErrorTestSuites":0,"numTodoTests":0,"numTotalTestSuites":1,"numTotalTests":2,"openHandles":[],"snapshot":{"added":0,"didUpdate":false,"failure":false,"filesAdded":0,"filesRemoved":0,"filesRemovedList":[],"filesUnmatched":0,"filesUpdated":0,"matched":0,"total":0,"unchecked":0,"uncheckedKeysByFile":[],"unmatched":0,"updated":0},"startTime":1780687300000,"success":true,"testResults":[{"assertionResults":[{"ancestorTitles":["sum"],"duration":2,"failing":false,"failureDetails":[],"failureMessages":[],"fullName":"sum adds numbers","invocations":1,"location":{"column":3,"line":4},"numPassingAsserts":1,"retryReasons":[],"startAt":1780687300050,"status":"passed","title":"adds numbers"},{"ancestorTitles":["sum"],"duration":1,"failing":false,"failureDetails":[],"failureMessages":[],"fullName":"sum adds negatives","invocations":1,"location":{"column":3,"line":8},"numPassingAsserts":1,"retryReasons":[],"startAt":1780687300055,"status":"passed","title":"adds negatives"}],"endTime":1780687300060,"message":"","name":"/tmp/nbm-jest/sum.test.js","startTime":1780687300040,"status":"passed","summary":""}],"wasInterrupted":false}
