{"numFailedTestSuites":1,"numFailedTests":0,"numPassedTestSuites":0,"numPassedTests":0,"numPendingTestSuites":0,"numPendingTests":0,"numRuntimeErrorTestSuites":1,"numTodoTests":0,"numTotalTestSuites":1,"numTotalTests":0,"openHandles":[],"snapshot":{"added":0,"didUpdate":false,"failure":false,"filesAdded":0,"filesRemoved":0,"filesRemovedList":[],"filesUnmatched":0,"filesUpdated":0,"matched":0,"total":0,"unchecked":0,"uncheckedKeysByFile":[],"unmatched":0,"updated":0},"startTime":1780687320000,"success":false,"testResults":[{"assertionResults":[],"coverage":{},"endTime":1780687320500,"message":"  ● Test suite failed to run\n\n    module load boom\n\n      1 | // Top-level throw → jest collection / module-load failure (divergence axis 5, no test owner).\n    > 2 | throw new Error('module load boom');\n        |       ^\n      3 |\n      4 | test('never runs', () => {});\n      5 |\n\n      at Object.<anonymous> (loadfail.test.js:2:7)\n","name":"/tmp/nbm-jest/loadfail.test.js","startTime":1780687320500,"status":"failed","summary":""}],"wasInterrupted":false}
